{"/home/john/dev/cotyledonlab/seq/src/App.tsx": {"path":"/home/john/dev/cotyledonlab/seq/src/App.tsx","statementMap":{"0":{"start":{"line":1,"column":0},"end":{"line":1,"column":59}},"1":{"start":{"line":2,"column":0},"end":{"line":2,"column":29}},"2":{"start":{"line":3,"column":0},"end":{"line":3,"column":49}},"3":{"start":{"line":4,"column":0},"end":{"line":4,"column":67}},"4":{"start":{"line":5,"column":0},"end":{"line":5,"column":69}},"5":{"start":{"line":6,"column":0},"end":{"line":6,"column":55}},"6":{"start":{"line":8,"column":29},"end":{"line":96,"column":1}},"7":{"start":{"line":9,"column":28},"end":{"line":9,"column":74}},"8":{"start":{"line":10,"column":40},"end":{"line":10,"column":51}},"9":{"start":{"line":11,"column":36},"end":{"line":11,"column":51}},"10":{"start":{"line":12,"column":28},"end":{"line":12,"column":41}},"11":{"start":{"line":13,"column":42},"end":{"line":13,"column":62}},"12":{"start":{"line":14,"column":19},"end":{"line":14,"column":59}},"13":{"start":{"line":16,"column":2},"end":{"line":18,"column":14}},"14":{"start":{"line":17,"column":4},"end":{"line":17,"column":37}},"15":{"start":{"line":20,"column":21},"end":{"line":24,"column":3}},"16":{"start":{"line":21,"column":21},"end":{"line":21,"column":31}},"17":{"start":{"line":22,"column":4},"end":{"line":22,"column":37}},"18":{"start":{"line":23,"column":4},"end":{"line":23,"column":23}},"19":{"start":{"line":26,"column":21},"end":{"line":35,"column":3}},"20":{"start":{"line":27,"column":4},"end":{"line":27,"column":23}},"21":{"start":{"line":28,"column":4},"end":{"line":33,"column":5}},"22":{"start":{"line":29,"column":6},"end":{"line":29,"column":28}},"23":{"start":{"line":30,"column":6},"end":{"line":30,"column":24}},"24":{"start":{"line":32,"column":6},"end":{"line":32,"column":29}},"25":{"start":{"line":34,"column":4},"end":{"line":34,"column":29}},"26":{"start":{"line":37,"column":33},"end":{"line":54,"column":3}},"27":{"start":{"line":38,"column":4},"end":{"line":38,"column":30}},"28":{"start":{"line":39,"column":4},"end":{"line":53,"column":5}},"29":{"start":{"line":40,"column":6},"end":{"line":52,"column":9}},"30":{"start":{"line":41,"column":23},"end":{"line":41,"column":50}},"31":{"start":{"line":42,"column":8},"end":{"line":51,"column":9}},"32":{"start":{"line":43,"column":10},"end":{"line":50,"column":12}},"33":{"start":{"line":44,"column":12},"end":{"line":49,"column":13}},"34":{"start":{"line":45,"column":14},"end":{"line":48,"column":16}},"35":{"start":{"line":56,"column":2},"end":{"line":71,"column":38}},"36":{"start":{"line":57,"column":17},"end":{"line":62,"column":13}},"37":{"start":{"line":58,"column":6},"end":{"line":58,"column":48}},"38":{"start":{"line":58,"column":31},"end":{"line":58,"column":46}},"39":{"start":{"line":59,"column":6},"end":{"line":61,"column":7}},"40":{"start":{"line":60,"column":8},"end":{"line":60,"column":64}},"41":{"start":{"line":64,"column":4},"end":{"line":66,"column":5}},"42":{"start":{"line":65,"column":6},"end":{"line":65,"column":20}},"43":{"start":{"line":68,"column":4},"end":{"line":70,"column":6}},"44":{"start":{"line":69,"column":6},"end":{"line":69,"column":21}},"45":{"start":{"line":73,"column":2},"end":{"line":95,"column":4}},"46":{"start":{"line":8,"column":13},"end":{"line":8,"column":29}},"47":{"start":{"line":98,"column":0},"end":{"line":98,"column":19}}},"fnMap":{"0":{"name":"(anonymous_6)","decl":{"start":{"line":8,"column":29},"end":{"line":8,"column":32}},"loc":{"start":{"line":8,"column":34},"end":{"line":96,"column":1}}},"1":{"name":"(anonymous_7)","decl":{"start":{"line":16,"column":12},"end":{"line":16,"column":15}},"loc":{"start":{"line":16,"column":17},"end":{"line":18,"column":3}}},"2":{"name":"(anonymous_8)","decl":{"start":{"line":20,"column":21},"end":{"line":20,"column":22}},"loc":{"start":{"line":20,"column":38},"end":{"line":24,"column":3}}},"3":{"name":"(anonymous_9)","decl":{"start":{"line":26,"column":21},"end":{"line":26,"column":26}},"loc":{"start":{"line":26,"column":32},"end":{"line":35,"column":3}}},"4":{"name":"(anonymous_10)","decl":{"start":{"line":37,"column":33},"end":{"line":37,"column":34}},"loc":{"start":{"line":37,"column":54},"end":{"line":54,"column":3}}},"5":{"name":"(anonymous_11)","decl":{"start":{"line":40,"column":41},"end":{"line":40,"column":47}},"loc":{"start":{"line":40,"column":50},"end":{"line":52,"column":7}}},"6":{"name":"(anonymous_12)","decl":{"start":{"line":43,"column":33},"end":{"line":43,"column":34}},"loc":{"start":{"line":43,"column":45},"end":{"line":50,"column":11}}},"7":{"name":"(anonymous_13)","decl":{"start":{"line":56,"column":12},"end":{"line":56,"column":15}},"loc":{"start":{"line":56,"column":17},"end":{"line":71,"column":3}}},"8":{"name":"(anonymous_14)","decl":{"start":{"line":57,"column":31},"end":{"line":57,"column":32}},"loc":{"start":{"line":57,"column":40},"end":{"line":62,"column":5}}},"9":{"name":"(anonymous_15)","decl":{"start":{"line":58,"column":21},"end":{"line":58,"column":22}},"loc":{"start":{"line":58,"column":31},"end":{"line":58,"column":46}}},"10":{"name":"(anonymous_16)","decl":{"start":{"line":68,"column":11},"end":{"line":68,"column":14}},"loc":{"start":{"line":68,"column":16},"end":{"line":70,"column":5}}}},"branchMap":{"0":{"loc":{"start":{"line":28,"column":4},"end":{"line":33,"column":5}},"type":"if","locations":[{"start":{"line":28,"column":4},"end":{"line":33,"column":5}},{"start":{"line":31,"column":11},"end":{"line":33,"column":5}}]},"1":{"loc":{"start":{"line":39,"column":4},"end":{"line":53,"column":5}},"type":"if","locations":[{"start":{"line":39,"column":4},"end":{"line":53,"column":5}}]},"2":{"loc":{"start":{"line":42,"column":8},"end":{"line":51,"column":9}},"type":"if","locations":[{"start":{"line":42,"column":8},"end":{"line":51,"column":9}}]},"3":{"loc":{"start":{"line":44,"column":12},"end":{"line":49,"column":13}},"type":"if","locations":[{"start":{"line":44,"column":12},"end":{"line":49,"column":13}}]},"4":{"loc":{"start":{"line":44,"column":16},"end":{"line":44,"column":56}},"type":"binary-expr","locations":[{"start":{"line":44,"column":16},"end":{"line":44,"column":28}},{"start":{"line":44,"column":32},"end":{"line":44,"column":56}}]},"5":{"loc":{"start":{"line":59,"column":6},"end":{"line":61,"column":7}},"type":"if","locations":[{"start":{"line":59,"column":6},"end":{"line":61,"column":7}}]},"6":{"loc":{"start":{"line":64,"column":4},"end":{"line":66,"column":5}},"type":"if","locations":[{"start":{"line":64,"column":4},"end":{"line":66,"column":5}}]}},"s":{"0":1,"1":1,"2":1,"3":1,"4":1,"5":1,"6":1,"7":12,"8":11,"9":11,"10":11,"11":11,"12":11,"13":11,"14":6,"15":11,"16":2,"17":2,"18":2,"19":11,"20":3,"21":3,"22":1,"23":1,"24":2,"25":3,"26":11,"27":0,"28":0,"29":0,"30":0,"31":0,"32":0,"33":0,"34":0,"35":11,"36":11,"37":0,"38":0,"39":0,"40":0,"41":11,"42":2,"43":11,"44":11,"45":11,"46":1,"47":1},"f":{"0":12,"1":6,"2":2,"3":3,"4":0,"5":0,"6":0,"7":11,"8":0,"9":0,"10":11},"b":{"0":[1,2],"1":[0],"2":[0],"3":[0],"4":[0,0],"5":[0],"6":[2]}}
,"/home/john/dev/cotyledonlab/seq/src/components/MidiDeviceSelector.tsx": {"path":"/home/john/dev/cotyledonlab/seq/src/components/MidiDeviceSelector.tsx","statementMap":{"0":{"start":{"line":1,"column":0},"end":{"line":1,"column":51}},"1":{"start":{"line":13,"column":69},"end":{"line":57,"column":1}},"2":{"start":{"line":14,"column":32},"end":{"line":14,"column":58}},"3":{"start":{"line":15,"column":46},"end":{"line":15,"column":66}},"4":{"start":{"line":17,"column":2},"end":{"line":34,"column":9}},"5":{"start":{"line":18,"column":21},"end":{"line":31,"column":5}},"6":{"start":{"line":19,"column":6},"end":{"line":30,"column":7}},"7":{"start":{"line":20,"column":27},"end":{"line":20,"column":62}},"8":{"start":{"line":21,"column":23},"end":{"line":21,"column":61}},"9":{"start":{"line":22,"column":27},"end":{"line":26,"column":11}},"10":{"start":{"line":22,"column":48},"end":{"line":26,"column":10}},"11":{"start":{"line":27,"column":8},"end":{"line":27,"column":31}},"12":{"start":{"line":29,"column":8},"end":{"line":29,"column":50}},"13":{"start":{"line":33,"column":4},"end":{"line":33,"column":15}},"14":{"start":{"line":36,"column":29},"end":{"line":39,"column":3}},"15":{"start":{"line":37,"column":4},"end":{"line":37,"column":38}},"16":{"start":{"line":38,"column":4},"end":{"line":38,"column":35}},"17":{"start":{"line":41,"column":2},"end":{"line":56,"column":4}},"18":{"start":{"line":50,"column":10},"end":{"line":50,"column":34}},"19":{"start":{"line":13,"column":13},"end":{"line":13,"column":69}}},"fnMap":{"0":{"name":"(anonymous_0)","decl":{"start":{"line":13,"column":69},"end":{"line":13,"column":70}},"loc":{"start":{"line":13,"column":92},"end":{"line":57,"column":1}}},"1":{"name":"(anonymous_1)","decl":{"start":{"line":17,"column":12},"end":{"line":17,"column":15}},"loc":{"start":{"line":17,"column":17},"end":{"line":34,"column":3}}},"2":{"name":"(anonymous_2)","decl":{"start":{"line":18,"column":21},"end":{"line":18,"column":26}},"loc":{"start":{"line":18,"column":32},"end":{"line":31,"column":5}}},"3":{"name":"(anonymous_3)","decl":{"start":{"line":22,"column":38},"end":{"line":22,"column":43}},"loc":{"start":{"line":22,"column":48},"end":{"line":26,"column":10}}},"4":{"name":"(anonymous_4)","decl":{"start":{"line":36,"column":29},"end":{"line":36,"column":30}},"loc":{"start":{"line":36,"column":73},"end":{"line":39,"column":3}}},"5":{"name":"(anonymous_5)","decl":{"start":{"line":49,"column":21},"end":{"line":49,"column":27}},"loc":{"start":{"line":50,"column":10},"end":{"line":50,"column":34}}}},"branchMap":{"0":{"loc":{"start":{"line":24,"column":16},"end":{"line":24,"column":46}},"type":"binary-expr","locations":[{"start":{"line":24,"column":16},"end":{"line":24,"column":26}},{"start":{"line":24,"column":30},"end":{"line":24,"column":46}}]},"1":{"loc":{"start":{"line":25,"column":24},"end":{"line":25,"column":68}},"type":"binary-expr","locations":[{"start":{"line":25,"column":24},"end":{"line":25,"column":42}},{"start":{"line":25,"column":46},"end":{"line":25,"column":68}}]}},"s":{"0":1,"1":1,"2":11,"3":11,"4":11,"5":6,"6":6,"7":6,"8":6,"9":6,"10":6,"11":6,"12":0,"13":6,"14":11,"15":0,"16":0,"17":11,"18":3,"19":1},"f":{"0":11,"1":6,"2":6,"3":6,"4":0,"5":3},"b":{"0":[6,0],"1":[6,6]}}
,"/home/john/dev/cotyledonlab/seq/src/components/StepGrid.tsx": {"path":"/home/john/dev/cotyledonlab/seq/src/components/StepGrid.tsx","statementMap":{"0":{"start":{"line":2,"column":0},"end":{"line":2,"column":51}},"1":{"start":{"line":10,"column":49},"end":{"line":25,"column":1}},"2":{"start":{"line":11,"column":2},"end":{"line":24,"column":4}},"3":{"start":{"line":14,"column":8},"end":{"line":15,"column":null}},"4":{"start":{"line":20,"column":25},"end":{"line":20,"column":44}},"5":{"start":{"line":10,"column":13},"end":{"line":10,"column":49}}},"fnMap":{"0":{"name":"(anonymous_1)","decl":{"start":{"line":10,"column":49},"end":{"line":10,"column":50}},"loc":{"start":{"line":10,"column":90},"end":{"line":25,"column":1}}},"1":{"name":"(anonymous_2)","decl":{"start":{"line":13,"column":17},"end":{"line":13,"column":18}},"loc":{"start":{"line":14,"column":8},"end":{"line":15,"column":null}}},"2":{"name":"(anonymous_3)","decl":{"start":{"line":20,"column":19},"end":{"line":20,"column":22}},"loc":{"start":{"line":20,"column":25},"end":{"line":20,"column":44}}}},"branchMap":{"0":{"loc":{"start":{"line":18,"column":14},"end":{"line":18,"column":54}},"type":"cond-expr","locations":[{"start":{"line":18,"column":23},"end":{"line":18,"column":36}},{"start":{"line":18,"column":39},"end":{"line":18,"column":54}}]},"1":{"loc":{"start":{"line":19,"column":14},"end":{"line":19,"column":57}},"type":"cond-expr","locations":[{"start":{"line":19,"column":38},"end":{"line":19,"column":52}},{"start":{"line":19,"column":55},"end":{"line":19,"column":57}}]}},"s":{"0":1,"1":1,"2":11,"3":176,"4":2,"5":1},"f":{"0":11,"1":176,"2":2},"b":{"0":[3,173],"1":[11,165]}}
,"/home/john/dev/cotyledonlab/seq/src/components/Synthesizer.tsx": {"path":"/home/john/dev/cotyledonlab/seq/src/components/Synthesizer.tsx","statementMap":{"0":{"start":{"line":1,"column":0},"end":{"line":1,"column":51}},"1":{"start":{"line":11,"column":55},"end":{"line":132,"column":1}},"2":{"start":{"line":12,"column":32},"end":{"line":12,"column":64}},"3":{"start":{"line":13,"column":30},"end":{"line":13,"column":43}},"4":{"start":{"line":14,"column":28},"end":{"line":14,"column":41}},"5":{"start":{"line":15,"column":32},"end":{"line":15,"column":45}},"6":{"start":{"line":16,"column":32},"end":{"line":16,"column":45}},"7":{"start":{"line":17,"column":38},"end":{"line":17,"column":52}},"8":{"start":{"line":18,"column":32},"end":{"line":18,"column":43}},"9":{"start":{"line":20,"column":2},"end":{"line":27,"column":56}},"10":{"start":{"line":21,"column":4},"end":{"line":26,"column":7}},"11":{"start":{"line":29,"column":2},"end":{"line":131,"column":4}},"12":{"start":{"line":38,"column":29},"end":{"line":38,"column":73}},"13":{"start":{"line":57,"column":31},"end":{"line":57,"column":64}},"14":{"start":{"line":70,"column":31},"end":{"line":70,"column":63}},"15":{"start":{"line":83,"column":31},"end":{"line":83,"column":65}},"16":{"start":{"line":96,"column":31},"end":{"line":96,"column":65}},"17":{"start":{"line":111,"column":31},"end":{"line":111,"column":68}},"18":{"start":{"line":124,"column":31},"end":{"line":124,"column":65}},"19":{"start":{"line":11,"column":13},"end":{"line":11,"column":55}}},"fnMap":{"0":{"name":"(anonymous_0)","decl":{"start":{"line":11,"column":55},"end":{"line":11,"column":56}},"loc":{"start":{"line":11,"column":69},"end":{"line":132,"column":1}}},"1":{"name":"(anonymous_1)","decl":{"start":{"line":20,"column":12},"end":{"line":20,"column":15}},"loc":{"start":{"line":20,"column":17},"end":{"line":27,"column":3}}},"2":{"name":"(anonymous_2)","decl":{"start":{"line":38,"column":22},"end":{"line":38,"column":23}},"loc":{"start":{"line":38,"column":29},"end":{"line":38,"column":73}}},"3":{"name":"(anonymous_3)","decl":{"start":{"line":57,"column":24},"end":{"line":57,"column":25}},"loc":{"start":{"line":57,"column":31},"end":{"line":57,"column":64}}},"4":{"name":"(anonymous_4)","decl":{"start":{"line":70,"column":24},"end":{"line":70,"column":25}},"loc":{"start":{"line":70,"column":31},"end":{"line":70,"column":63}}},"5":{"name":"(anonymous_5)","decl":{"start":{"line":83,"column":24},"end":{"line":83,"column":25}},"loc":{"start":{"line":83,"column":31},"end":{"line":83,"column":65}}},"6":{"name":"(anonymous_6)","decl":{"start":{"line":96,"column":24},"end":{"line":96,"column":25}},"loc":{"start":{"line":96,"column":31},"end":{"line":96,"column":65}}},"7":{"name":"(anonymous_7)","decl":{"start":{"line":111,"column":24},"end":{"line":111,"column":25}},"loc":{"start":{"line":111,"column":31},"end":{"line":111,"column":68}}},"8":{"name":"(anonymous_8)","decl":{"start":{"line":124,"column":24},"end":{"line":124,"column":25}},"loc":{"start":{"line":124,"column":31},"end":{"line":124,"column":65}}}},"branchMap":{},"s":{"0":1,"1":1,"2":11,"3":11,"4":11,"5":11,"6":11,"7":11,"8":11,"9":11,"10":6,"11":11,"12":0,"13":0,"14":0,"15":0,"16":0,"17":0,"18":0,"19":1},"f":{"0":11,"1":6,"2":0,"3":0,"4":0,"5":0,"6":0,"7":0,"8":0},"b":{}}
,"/home/john/dev/cotyledonlab/seq/src/components/TransportControls.tsx": {"path":"/home/john/dev/cotyledonlab/seq/src/components/TransportControls.tsx","statementMap":{"0":{"start":{"line":10,"column":67},"end":{"line":37,"column":1}},"1":{"start":{"line":16,"column":2},"end":{"line":36,"column":4}},"2":{"start":{"line":29,"column":25},"end":{"line":29,"column":62}},"3":{"start":{"line":10,"column":13},"end":{"line":10,"column":67}}},"fnMap":{"0":{"name":"(anonymous_0)","decl":{"start":{"line":10,"column":67},"end":{"line":10,"column":68}},"loc":{"start":{"line":15,"column":5},"end":{"line":37,"column":1}}},"1":{"name":"(anonymous_1)","decl":{"start":{"line":29,"column":18},"end":{"line":29,"column":19}},"loc":{"start":{"line":29,"column":25},"end":{"line":29,"column":62}}}},"branchMap":{"0":{"loc":{"start":{"line":19,"column":40},"end":{"line":19,"column":81}},"type":"cond-expr","locations":[{"start":{"line":19,"column":52},"end":{"line":19,"column":64}},{"start":{"line":19,"column":67},"end":{"line":19,"column":81}}]},"1":{"loc":{"start":{"line":22,"column":9},"end":{"line":22,"column":36}},"type":"cond-expr","locations":[{"start":{"line":22,"column":21},"end":{"line":22,"column":27}},{"start":{"line":22,"column":30},"end":{"line":22,"column":36}}]}},"s":{"0":1,"1":11,"2":0,"3":1},"f":{"0":11,"1":0},"b":{"0":[2,9],"1":[2,9]}}
}
