{"/Users/johnmaher/development/seq/src/App.tsx": {"path":"/Users/johnmaher/development/seq/src/App.tsx","statementMap":{"0":{"start":{"line":15,"column":29},"end":{"line":171,"column":1}},"1":{"start":{"line":16,"column":32},"end":{"line":16,"column":70}},"2":{"start":{"line":16,"column":47},"end":{"line":16,"column":69}},"3":{"start":{"line":17,"column":40},"end":{"line":17,"column":51}},"4":{"start":{"line":18,"column":36},"end":{"line":18,"column":51}},"5":{"start":{"line":19,"column":42},"end":{"line":19,"column":62}},"6":{"start":{"line":20,"column":23},"end":{"line":20,"column":63}},"7":{"start":{"line":21,"column":23},"end":{"line":21,"column":67}},"8":{"start":{"line":22,"column":23},"end":{"line":22,"column":71}},"9":{"start":{"line":24,"column":21},"end":{"line":39,"column":3}},"10":{"start":{"line":25,"column":4},"end":{"line":38,"column":8}},"11":{"start":{"line":25,"column":26},"end":{"line":38,"column":6}},"12":{"start":{"line":28,"column":8},"end":{"line":30,"column":9}},"13":{"start":{"line":29,"column":10},"end":{"line":29,"column":23}},"14":{"start":{"line":32,"column":22},"end":{"line":32,"column":38}},"15":{"start":{"line":33,"column":25},"end":{"line":33,"column":41}},"16":{"start":{"line":34,"column":8},"end":{"line":34,"column":69}},"17":{"start":{"line":36,"column":8},"end":{"line":36,"column":35}},"18":{"start":{"line":41,"column":26},"end":{"line":48,"column":3}},"19":{"start":{"line":42,"column":4},"end":{"line":47,"column":8}},"20":{"start":{"line":42,"column":26},"end":{"line":47,"column":6}},"21":{"start":{"line":45,"column":8},"end":{"line":45,"column":72}},"22":{"start":{"line":50,"column":28},"end":{"line":52,"column":3}},"23":{"start":{"line":51,"column":4},"end":{"line":51,"column":52}},"24":{"start":{"line":51,"column":26},"end":{"line":51,"column":49}},"25":{"start":{"line":54,"column":36},"end":{"line":64,"column":3}},"26":{"start":{"line":55,"column":4},"end":{"line":62,"column":8}},"27":{"start":{"line":55,"column":26},"end":{"line":62,"column":6}},"28":{"start":{"line":58,"column":42},"end":{"line":61,"column":8}},"29":{"start":{"line":63,"column":4},"end":{"line":63,"column":22}},"30":{"start":{"line":66,"column":21},"end":{"line":69,"column":3}},"31":{"start":{"line":67,"column":4},"end":{"line":67,"column":23}},"32":{"start":{"line":68,"column":4},"end":{"line":68,"column":34}},"33":{"start":{"line":68,"column":27},"end":{"line":68,"column":32}},"34":{"start":{"line":71,"column":33},"end":{"line":73,"column":3}},"35":{"start":{"line":72,"column":4},"end":{"line":72,"column":30}},"36":{"start":{"line":75,"column":2},"end":{"line":118,"column":21}},"37":{"start":{"line":76,"column":40},"end":{"line":76,"column":44}},"38":{"start":{"line":77,"column":20},"end":{"line":77,"column":25}},"39":{"start":{"line":79,"column":23},"end":{"line":108,"column":5}},"40":{"start":{"line":80,"column":6},"end":{"line":82,"column":7}},"41":{"start":{"line":81,"column":8},"end":{"line":81,"column":15}},"42":{"start":{"line":84,"column":6},"end":{"line":107,"column":7}},"43":{"start":{"line":85,"column":23},"end":{"line":85,"column":58}},"44":{"start":{"line":86,"column":8},"end":{"line":88,"column":9}},"45":{"start":{"line":87,"column":10},"end":{"line":87,"column":17}},"46":{"start":{"line":89,"column":23},"end":{"line":89,"column":54}},"47":{"start":{"line":90,"column":8},"end":{"line":92,"column":9}},"48":{"start":{"line":91,"column":10},"end":{"line":91,"column":17}},"49":{"start":{"line":93,"column":8},"end":{"line":93,"column":29}},"50":{"start":{"line":94,"column":8},"end":{"line":104,"column":10}},"51":{"start":{"line":95,"column":43},"end":{"line":95,"column":61}},"52":{"start":{"line":96,"column":10},"end":{"line":103,"column":11}},"53":{"start":{"line":97,"column":12},"end":{"line":102,"column":14}},"54":{"start":{"line":106,"column":8},"end":{"line":106,"column":52}},"55":{"start":{"line":110,"column":4},"end":{"line":110,"column":17}},"56":{"start":{"line":112,"column":4},"end":{"line":117,"column":6}},"57":{"start":{"line":113,"column":6},"end":{"line":113,"column":23}},"58":{"start":{"line":114,"column":6},"end":{"line":116,"column":7}},"59":{"start":{"line":115,"column":8},"end":{"line":115,"column":41}},"60":{"start":{"line":120,"column":24},"end":{"line":132,"column":null}},"61":{"start":{"line":122,"column":6},"end":{"line":130,"column":7}},"62":{"start":{"line":124,"column":10},"end":{"line":124,"column":38}},"63":{"start":{"line":126,"column":10},"end":{"line":126,"column":38}},"64":{"start":{"line":129,"column":10},"end":{"line":129,"column":38}},"65":{"start":{"line":135,"column":2},"end":{"line":142,"column":5}},"66":{"start":{"line":144,"column":2},"end":{"line":170,"column":4}}},"fnMap":{"0":{"name":"(anonymous_0)","decl":{"start":{"line":15,"column":29},"end":{"line":15,"column":32}},"loc":{"start":{"line":15,"column":34},"end":{"line":171,"column":1}}},"1":{"name":"(anonymous_1)","decl":{"start":{"line":16,"column":41},"end":{"line":16,"column":44}},"loc":{"start":{"line":16,"column":47},"end":{"line":16,"column":69}}},"2":{"name":"(anonymous_2)","decl":{"start":{"line":24,"column":21},"end":{"line":24,"column":22}},"loc":{"start":{"line":24,"column":60},"end":{"line":39,"column":3}}},"3":{"name":"(anonymous_3)","decl":{"start":{"line":25,"column":15},"end":{"line":25,"column":16}},"loc":{"start":{"line":25,"column":26},"end":{"line":38,"column":6}}},"4":{"name":"(anonymous_4)","decl":{"start":{"line":27,"column":30},"end":{"line":27,"column":31}},"loc":{"start":{"line":27,"column":40},"end":{"line":37,"column":7}}},"5":{"name":"(anonymous_5)","decl":{"start":{"line":41,"column":26},"end":{"line":41,"column":27}},"loc":{"start":{"line":41,"column":46},"end":{"line":48,"column":3}}},"6":{"name":"(anonymous_6)","decl":{"start":{"line":42,"column":15},"end":{"line":42,"column":16}},"loc":{"start":{"line":42,"column":26},"end":{"line":47,"column":6}}},"7":{"name":"(anonymous_7)","decl":{"start":{"line":44,"column":30},"end":{"line":44,"column":31}},"loc":{"start":{"line":45,"column":8},"end":{"line":45,"column":72}}},"8":{"name":"(anonymous_8)","decl":{"start":{"line":50,"column":28},"end":{"line":50,"column":29}},"loc":{"start":{"line":50,"column":46},"end":{"line":52,"column":3}}},"9":{"name":"(anonymous_9)","decl":{"start":{"line":51,"column":15},"end":{"line":51,"column":16}},"loc":{"start":{"line":51,"column":26},"end":{"line":51,"column":49}}},"10":{"name":"(anonymous_10)","decl":{"start":{"line":54,"column":36},"end":{"line":54,"column":37}},"loc":{"start":{"line":54,"column":62},"end":{"line":64,"column":3}}},"11":{"name":"(anonymous_11)","decl":{"start":{"line":55,"column":15},"end":{"line":55,"column":16}},"loc":{"start":{"line":55,"column":26},"end":{"line":62,"column":6}}},"12":{"name":"(anonymous_12)","decl":{"start":{"line":58,"column":30},"end":{"line":58,"column":31}},"loc":{"start":{"line":58,"column":42},"end":{"line":61,"column":8}}},"13":{"name":"(anonymous_13)","decl":{"start":{"line":66,"column":21},"end":{"line":66,"column":26}},"loc":{"start":{"line":66,"column":32},"end":{"line":69,"column":3}}},"14":{"name":"(anonymous_14)","decl":{"start":{"line":68,"column":17},"end":{"line":68,"column":18}},"loc":{"start":{"line":68,"column":27},"end":{"line":68,"column":32}}},"15":{"name":"(anonymous_15)","decl":{"start":{"line":71,"column":33},"end":{"line":71,"column":34}},"loc":{"start":{"line":71,"column":54},"end":{"line":73,"column":3}}},"16":{"name":"(anonymous_16)","decl":{"start":{"line":75,"column":12},"end":{"line":75,"column":15}},"loc":{"start":{"line":75,"column":17},"end":{"line":118,"column":3}}},"17":{"name":"(anonymous_17)","decl":{"start":{"line":79,"column":23},"end":{"line":79,"column":28}},"loc":{"start":{"line":79,"column":34},"end":{"line":108,"column":5}}},"18":{"name":"(anonymous_18)","decl":{"start":{"line":94,"column":31},"end":{"line":94,"column":32}},"loc":{"start":{"line":94,"column":43},"end":{"line":104,"column":9}}},"19":{"name":"(anonymous_19)","decl":{"start":{"line":112,"column":11},"end":{"line":112,"column":14}},"loc":{"start":{"line":112,"column":16},"end":{"line":117,"column":5}}},"20":{"name":"(anonymous_20)","decl":{"start":{"line":121,"column":4},"end":{"line":121,"column":5}},"loc":{"start":{"line":121,"column":21},"end":{"line":131,"column":5}}}},"branchMap":{"0":{"loc":{"start":{"line":28,"column":8},"end":{"line":30,"column":9}},"type":"if","locations":[{"start":{"line":28,"column":8},"end":{"line":30,"column":9}}]},"1":{"loc":{"start":{"line":45,"column":8},"end":{"line":45,"column":72}},"type":"cond-expr","locations":[{"start":{"line":45,"column":31},"end":{"line":45,"column":64}},{"start":{"line":45,"column":67},"end":{"line":45,"column":72}}]},"2":{"loc":{"start":{"line":80,"column":6},"end":{"line":82,"column":7}},"type":"if","locations":[{"start":{"line":80,"column":6},"end":{"line":82,"column":7}}]},"3":{"loc":{"start":{"line":86,"column":8},"end":{"line":88,"column":9}},"type":"if","locations":[{"start":{"line":86,"column":8},"end":{"line":88,"column":9}}]},"4":{"loc":{"start":{"line":90,"column":8},"end":{"line":92,"column":9}},"type":"if","locations":[{"start":{"line":90,"column":8},"end":{"line":92,"column":9}}]},"5":{"loc":{"start":{"line":95,"column":43},"end":{"line":95,"column":61}},"type":"binary-expr","locations":[{"start":{"line":95,"column":43},"end":{"line":95,"column":55}},{"start":{"line":95,"column":59},"end":{"line":95,"column":61}}]},"6":{"loc":{"start":{"line":96,"column":10},"end":{"line":103,"column":11}},"type":"if","locations":[{"start":{"line":96,"column":10},"end":{"line":103,"column":11}}]},"7":{"loc":{"start":{"line":96,"column":14},"end":{"line":96,"column":45}},"type":"binary-expr","locations":[{"start":{"line":96,"column":14},"end":{"line":96,"column":29}},{"start":{"line":96,"column":33},"end":{"line":96,"column":45}}]},"8":{"loc":{"start":{"line":114,"column":6},"end":{"line":116,"column":7}},"type":"if","locations":[{"start":{"line":114,"column":6},"end":{"line":116,"column":7}}]},"9":{"loc":{"start":{"line":122,"column":6},"end":{"line":130,"column":7}},"type":"switch","locations":[{"start":{"line":123,"column":8},"end":{"line":124,"column":38}},{"start":{"line":125,"column":8},"end":{"line":126,"column":38}},{"start":{"line":127,"column":8},"end":{"line":127,"column":20}},{"start":{"line":128,"column":8},"end":{"line":129,"column":38}}]}},"s":{"0":0,"1":0,"2":0,"3":0,"4":0,"5":0,"6":0,"7":0,"8":0,"9":0,"10":0,"11":0,"12":0,"13":0,"14":0,"15":0,"16":0,"17":0,"18":0,"19":0,"20":0,"21":0,"22":0,"23":0,"24":0,"25":0,"26":0,"27":0,"28":0,"29":0,"30":0,"31":0,"32":0,"33":0,"34":0,"35":0,"36":0,"37":0,"38":0,"39":0,"40":0,"41":0,"42":0,"43":0,"44":0,"45":0,"46":0,"47":0,"48":0,"49":0,"50":0,"51":0,"52":0,"53":0,"54":0,"55":0,"56":0,"57":0,"58":0,"59":0,"60":0,"61":0,"62":0,"63":0,"64":0,"65":0,"66":0},"f":{"0":0,"1":0,"2":0,"3":0,"4":0,"5":0,"6":0,"7":0,"8":0,"9":0,"10":0,"11":0,"12":0,"13":0,"14":0,"15":0,"16":0,"17":0,"18":0,"19":0,"20":0},"b":{"0":[0],"1":[0,0],"2":[0],"3":[0],"4":[0],"5":[0,0],"6":[0],"7":[0,0],"8":[0],"9":[0,0,0,0]}}
,"/Users/johnmaher/development/seq/src/components/MidiDeviceSelector.tsx": {"path":"/Users/johnmaher/development/seq/src/components/MidiDeviceSelector.tsx","statementMap":{"0":{"start":{"line":1,"column":0},"end":{"line":1,"column":51}},"1":{"start":{"line":13,"column":69},"end":{"line":60,"column":1}},"2":{"start":{"line":14,"column":32},"end":{"line":14,"column":58}},"3":{"start":{"line":15,"column":46},"end":{"line":15,"column":66}},"4":{"start":{"line":17,"column":2},"end":{"line":34,"column":9}},"5":{"start":{"line":18,"column":21},"end":{"line":31,"column":5}},"6":{"start":{"line":19,"column":6},"end":{"line":30,"column":7}},"7":{"start":{"line":20,"column":27},"end":{"line":20,"column":62}},"8":{"start":{"line":21,"column":23},"end":{"line":21,"column":61}},"9":{"start":{"line":22,"column":27},"end":{"line":26,"column":11}},"10":{"start":{"line":22,"column":48},"end":{"line":26,"column":10}},"11":{"start":{"line":27,"column":8},"end":{"line":27,"column":31}},"12":{"start":{"line":29,"column":8},"end":{"line":29,"column":50}},"13":{"start":{"line":33,"column":4},"end":{"line":33,"column":15}},"14":{"start":{"line":36,"column":29},"end":{"line":38,"column":3}},"15":{"start":{"line":37,"column":4},"end":{"line":37,"column":38}},"16":{"start":{"line":40,"column":2},"end":{"line":42,"column":39}},"17":{"start":{"line":41,"column":4},"end":{"line":41,"column":35}},"18":{"start":{"line":44,"column":2},"end":{"line":59,"column":4}},"19":{"start":{"line":53,"column":10},"end":{"line":53,"column":34}},"20":{"start":{"line":13,"column":13},"end":{"line":13,"column":69}}},"fnMap":{"0":{"name":"(anonymous_0)","decl":{"start":{"line":13,"column":69},"end":{"line":13,"column":70}},"loc":{"start":{"line":13,"column":92},"end":{"line":60,"column":1}}},"1":{"name":"(anonymous_1)","decl":{"start":{"line":17,"column":12},"end":{"line":17,"column":15}},"loc":{"start":{"line":17,"column":17},"end":{"line":34,"column":3}}},"2":{"name":"(anonymous_2)","decl":{"start":{"line":18,"column":21},"end":{"line":18,"column":26}},"loc":{"start":{"line":18,"column":32},"end":{"line":31,"column":5}}},"3":{"name":"(anonymous_3)","decl":{"start":{"line":22,"column":38},"end":{"line":22,"column":43}},"loc":{"start":{"line":22,"column":48},"end":{"line":26,"column":10}}},"4":{"name":"(anonymous_4)","decl":{"start":{"line":36,"column":29},"end":{"line":36,"column":30}},"loc":{"start":{"line":36,"column":73},"end":{"line":38,"column":3}}},"5":{"name":"(anonymous_5)","decl":{"start":{"line":40,"column":12},"end":{"line":40,"column":15}},"loc":{"start":{"line":40,"column":17},"end":{"line":42,"column":3}}},"6":{"name":"(anonymous_6)","decl":{"start":{"line":52,"column":21},"end":{"line":52,"column":27}},"loc":{"start":{"line":53,"column":10},"end":{"line":53,"column":34}}}},"branchMap":{"0":{"loc":{"start":{"line":24,"column":16},"end":{"line":24,"column":46}},"type":"binary-expr","locations":[{"start":{"line":24,"column":16},"end":{"line":24,"column":26}},{"start":{"line":24,"column":30},"end":{"line":24,"column":46}}]},"1":{"loc":{"start":{"line":25,"column":24},"end":{"line":25,"column":68}},"type":"binary-expr","locations":[{"start":{"line":25,"column":24},"end":{"line":25,"column":42}},{"start":{"line":25,"column":46},"end":{"line":25,"column":68}}]}},"s":{"0":1,"1":1,"2":5,"3":5,"4":5,"5":2,"6":2,"7":2,"8":2,"9":2,"10":2,"11":2,"12":0,"13":2,"14":5,"15":1,"16":5,"17":3,"18":5,"19":3,"20":1},"f":{"0":5,"1":2,"2":2,"3":2,"4":1,"5":3,"6":3},"b":{"0":[2,0],"1":[2,0]}}
,"/Users/johnmaher/development/seq/src/components/StepGrid.tsx": {"path":"/Users/johnmaher/development/seq/src/components/StepGrid.tsx","statementMap":{"0":{"start":{"line":2,"column":0},"end":{"line":2,"column":51}},"1":{"start":{"line":13,"column":49},"end":{"line":85,"column":1}},"2":{"start":{"line":20,"column":2},"end":{"line":84,"column":4}},"3":{"start":{"line":30,"column":14},"end":{"line":31,"column":null}},"4":{"start":{"line":44,"column":8},"end":{"line":45,"column":null}},"5":{"start":{"line":57,"column":29},"end":{"line":57,"column":56}},"6":{"start":{"line":68,"column":16},"end":{"line":69,"column":null}},"7":{"start":{"line":74,"column":33},"end":{"line":74,"column":62}},"8":{"start":{"line":13,"column":13},"end":{"line":13,"column":49}}},"fnMap":{"0":{"name":"(anonymous_1)","decl":{"start":{"line":13,"column":49},"end":{"line":13,"column":50}},"loc":{"start":{"line":19,"column":5},"end":{"line":85,"column":1}}},"1":{"name":"(anonymous_2)","decl":{"start":{"line":29,"column":51},"end":{"line":29,"column":52}},"loc":{"start":{"line":30,"column":14},"end":{"line":31,"column":null}}},"2":{"name":"(anonymous_3)","decl":{"start":{"line":43,"column":18},"end":{"line":43,"column":19}},"loc":{"start":{"line":44,"column":8},"end":{"line":45,"column":null}}},"3":{"name":"(anonymous_4)","decl":{"start":{"line":57,"column":23},"end":{"line":57,"column":26}},"loc":{"start":{"line":57,"column":29},"end":{"line":57,"column":56}}},"4":{"name":"(anonymous_5)","decl":{"start":{"line":67,"column":55},"end":{"line":67,"column":56}},"loc":{"start":{"line":68,"column":16},"end":{"line":69,"column":null}}},"5":{"name":"(anonymous_6)","decl":{"start":{"line":74,"column":27},"end":{"line":74,"column":30}},"loc":{"start":{"line":74,"column":33},"end":{"line":74,"column":62}}}},"branchMap":{"0":{"loc":{"start":{"line":33,"column":18},"end":{"line":33,"column":null}},"type":"cond-expr","locations":[{"start":{"line":33,"column":42},"end":{"line":33,"column":62}},{"start":{"line":33,"column":65},"end":{"line":33,"column":null}}]},"1":{"loc":{"start":{"line":46,"column":43},"end":{"line":46,"column":77}},"type":"cond-expr","locations":[{"start":{"line":46,"column":57},"end":{"line":46,"column":72}},{"start":{"line":46,"column":75},"end":{"line":46,"column":77}}]},"2":{"loc":{"start":{"line":56,"column":49},"end":{"line":56,"column":85}},"type":"cond-expr","locations":[{"start":{"line":56,"column":63},"end":{"line":56,"column":80}},{"start":{"line":56,"column":83},"end":{"line":56,"column":85}}]},"3":{"loc":{"start":{"line":59,"column":15},"end":{"line":59,"column":45}},"type":"cond-expr","locations":[{"start":{"line":59,"column":29},"end":{"line":59,"column":36}},{"start":{"line":59,"column":39},"end":{"line":59,"column":45}}]},"4":{"loc":{"start":{"line":72,"column":22},"end":{"line":72,"column":67}},"type":"cond-expr","locations":[{"start":{"line":72,"column":36},"end":{"line":72,"column":49}},{"start":{"line":72,"column":52},"end":{"line":72,"column":67}}]},"5":{"loc":{"start":{"line":73,"column":22},"end":{"line":73,"column":65}},"type":"cond-expr","locations":[{"start":{"line":73,"column":46},"end":{"line":73,"column":60}},{"start":{"line":73,"column":63},"end":{"line":73,"column":65}}]}},"s":{"0":1,"1":1,"2":2,"3":16,"4":3,"5":1,"6":24,"7":1,"8":1},"f":{"0":2,"1":16,"2":3,"3":1,"4":24,"5":1},"b":{"0":[2,14],"1":[0,3],"2":[0,3],"3":[0,3],"4":[0,24],"5":[3,21]}}
,"/Users/johnmaher/development/seq/src/components/Synthesizer.tsx": {"path":"/Users/johnmaher/development/seq/src/components/Synthesizer.tsx","statementMap":{"0":{"start":{"line":11,"column":55},"end":{"line":114,"column":1}},"1":{"start":{"line":12,"column":32},"end":{"line":12,"column":64}},"2":{"start":{"line":13,"column":30},"end":{"line":13,"column":43}},"3":{"start":{"line":14,"column":28},"end":{"line":14,"column":41}},"4":{"start":{"line":15,"column":32},"end":{"line":15,"column":45}},"5":{"start":{"line":16,"column":32},"end":{"line":16,"column":45}},"6":{"start":{"line":17,"column":38},"end":{"line":17,"column":52}},"7":{"start":{"line":18,"column":32},"end":{"line":18,"column":43}},"8":{"start":{"line":20,"column":2},"end":{"line":27,"column":56}},"9":{"start":{"line":21,"column":4},"end":{"line":26,"column":7}},"10":{"start":{"line":29,"column":2},"end":{"line":113,"column":4}},"11":{"start":{"line":47,"column":31},"end":{"line":47,"column":75}},"12":{"start":{"line":55,"column":16},"end":{"line":55,"column":35}},"13":{"start":{"line":70,"column":14},"end":{"line":70,"column":31}},"14":{"start":{"line":81,"column":35},"end":{"line":81,"column":67}},"15":{"start":{"line":93,"column":14},"end":{"line":93,"column":31}},"16":{"start":{"line":104,"column":35},"end":{"line":104,"column":67}}},"fnMap":{"0":{"name":"(anonymous_0)","decl":{"start":{"line":11,"column":55},"end":{"line":11,"column":56}},"loc":{"start":{"line":11,"column":87},"end":{"line":114,"column":1}}},"1":{"name":"(anonymous_1)","decl":{"start":{"line":20,"column":12},"end":{"line":20,"column":15}},"loc":{"start":{"line":20,"column":17},"end":{"line":27,"column":3}}},"2":{"name":"(anonymous_2)","decl":{"start":{"line":47,"column":24},"end":{"line":47,"column":25}},"loc":{"start":{"line":47,"column":31},"end":{"line":47,"column":75}}},"3":{"name":"(anonymous_3)","decl":{"start":{"line":54,"column":62},"end":{"line":54,"column":66}},"loc":{"start":{"line":55,"column":16},"end":{"line":55,"column":35}}},"4":{"name":"(anonymous_4)","decl":{"start":{"line":69,"column":18},"end":{"line":69,"column":19}},"loc":{"start":{"line":70,"column":14},"end":{"line":70,"column":31}}},"5":{"name":"(anonymous_5)","decl":{"start":{"line":81,"column":28},"end":{"line":81,"column":29}},"loc":{"start":{"line":81,"column":35},"end":{"line":81,"column":67}}},"6":{"name":"(anonymous_6)","decl":{"start":{"line":92,"column":18},"end":{"line":92,"column":19}},"loc":{"start":{"line":93,"column":14},"end":{"line":93,"column":31}}},"7":{"name":"(anonymous_7)","decl":{"start":{"line":104,"column":28},"end":{"line":104,"column":29}},"loc":{"start":{"line":104,"column":35},"end":{"line":104,"column":67}}}},"branchMap":{"0":{"loc":{"start":{"line":39,"column":18},"end":{"line":39,"column":49}},"type":"cond-expr","locations":[{"start":{"line":39,"column":37},"end":{"line":39,"column":41}},{"start":{"line":39,"column":44},"end":{"line":39,"column":49}}]}},"s":{"0":0,"1":0,"2":0,"3":0,"4":0,"5":0,"6":0,"7":0,"8":0,"9":0,"10":0,"11":0,"12":0,"13":0,"14":0,"15":0,"16":0},"f":{"0":0,"1":0,"2":0,"3":0,"4":0,"5":0,"6":0,"7":0},"b":{"0":[0,0]}}
,"/Users/johnmaher/development/seq/src/components/TransportControls.tsx": {"path":"/Users/johnmaher/development/seq/src/components/TransportControls.tsx","statementMap":{"0":{"start":{"line":13,"column":67},"end":{"line":59,"column":1}},"1":{"start":{"line":21,"column":2},"end":{"line":58,"column":4}},"2":{"start":{"line":35,"column":27},"end":{"line":35,"column":64}},"3":{"start":{"line":46,"column":27},"end":{"line":46,"column":89}},"4":{"start":{"line":51,"column":12},"end":{"line":51,"column":33}}},"fnMap":{"0":{"name":"(anonymous_0)","decl":{"start":{"line":13,"column":67},"end":{"line":13,"column":68}},"loc":{"start":{"line":20,"column":5},"end":{"line":59,"column":1}}},"1":{"name":"(anonymous_1)","decl":{"start":{"line":35,"column":20},"end":{"line":35,"column":21}},"loc":{"start":{"line":35,"column":27},"end":{"line":35,"column":64}}},"2":{"name":"(anonymous_2)","decl":{"start":{"line":46,"column":20},"end":{"line":46,"column":21}},"loc":{"start":{"line":46,"column":27},"end":{"line":46,"column":89}}},"3":{"name":"(anonymous_3)","decl":{"start":{"line":50,"column":31},"end":{"line":50,"column":32}},"loc":{"start":{"line":51,"column":12},"end":{"line":51,"column":33}}}},"branchMap":{"0":{"loc":{"start":{"line":24,"column":40},"end":{"line":24,"column":81}},"type":"cond-expr","locations":[{"start":{"line":24,"column":52},"end":{"line":24,"column":64}},{"start":{"line":24,"column":67},"end":{"line":24,"column":81}}]},"1":{"loc":{"start":{"line":27,"column":9},"end":{"line":27,"column":36}},"type":"cond-expr","locations":[{"start":{"line":27,"column":21},"end":{"line":27,"column":27}},{"start":{"line":27,"column":30},"end":{"line":27,"column":36}}]}},"s":{"0":0,"1":0,"2":0,"3":0,"4":0},"f":{"0":0,"1":0,"2":0,"3":0},"b":{"0":[0,0],"1":[0,0]}}
,"/Users/johnmaher/development/seq/src/hooks/useSequencerEngine.ts": {"path":"/Users/johnmaher/development/seq/src/hooks/useSequencerEngine.ts","statementMap":{"0":{"start":{"line":16,"column":34},"end":{"line":105,"column":1}},"1":{"start":{"line":24,"column":20},"end":{"line":24,"column":34}},"2":{"start":{"line":25,"column":27},"end":{"line":25,"column":48}},"3":{"start":{"line":26,"column":20},"end":{"line":26,"column":34}},"4":{"start":{"line":27,"column":27},"end":{"line":27,"column":48}},"5":{"start":{"line":28,"column":18},"end":{"line":28,"column":27}},"6":{"start":{"line":30,"column":2},"end":{"line":32,"column":15}},"7":{"start":{"line":31,"column":4},"end":{"line":31,"column":31}},"8":{"start":{"line":34,"column":2},"end":{"line":36,"column":22}},"9":{"start":{"line":35,"column":4},"end":{"line":35,"column":45}},"10":{"start":{"line":38,"column":2},"end":{"line":40,"column":15}},"11":{"start":{"line":39,"column":4},"end":{"line":39,"column":31}},"12":{"start":{"line":42,"column":2},"end":{"line":44,"column":22}},"13":{"start":{"line":43,"column":4},"end":{"line":43,"column":45}},"14":{"start":{"line":46,"column":2},"end":{"line":48,"column":14}},"15":{"start":{"line":47,"column":4},"end":{"line":47,"column":37}},"16":{"start":{"line":50,"column":2},"end":{"line":104,"column":18}},"17":{"start":{"line":51,"column":4},"end":{"line":56,"column":5}},"18":{"start":{"line":52,"column":6},"end":{"line":52,"column":28}},"19":{"start":{"line":53,"column":6},"end":{"line":53,"column":26}},"20":{"start":{"line":54,"column":6},"end":{"line":54,"column":27}},"21":{"start":{"line":55,"column":6},"end":{"line":55,"column":13}},"22":{"start":{"line":58,"column":17},"end":{"line":92,"column":13}},"23":{"start":{"line":59,"column":21},"end":{"line":59,"column":45}},"24":{"start":{"line":60,"column":24},"end":{"line":60,"column":48}},"25":{"start":{"line":61,"column":28},"end":{"line":61,"column":45}},"26":{"start":{"line":63,"column":6},"end":{"line":88,"column":9}},"27":{"start":{"line":64,"column":8},"end":{"line":66,"column":9}},"28":{"start":{"line":65,"column":10},"end":{"line":65,"column":17}},"29":{"start":{"line":68,"column":21},"end":{"line":68,"column":43}},"30":{"start":{"line":69,"column":8},"end":{"line":71,"column":9}},"31":{"start":{"line":70,"column":10},"end":{"line":70,"column":17}},"32":{"start":{"line":73,"column":8},"end":{"line":75,"column":9}},"33":{"start":{"line":74,"column":10},"end":{"line":74,"column":17}},"34":{"start":{"line":77,"column":27},"end":{"line":77,"column":58}},"35":{"start":{"line":78,"column":8},"end":{"line":80,"column":9}},"36":{"start":{"line":79,"column":10},"end":{"line":79,"column":17}},"37":{"start":{"line":82,"column":21},"end":{"line":82,"column":51}},"38":{"start":{"line":83,"column":25},"end":{"line":83,"column":45}},"39":{"start":{"line":84,"column":25},"end":{"line":84,"column":64}},"40":{"start":{"line":85,"column":30},"end":{"line":85,"column":60}},"41":{"start":{"line":87,"column":8},"end":{"line":87,"column":81}},"42":{"start":{"line":90,"column":6},"end":{"line":90,"column":35}},"43":{"start":{"line":91,"column":6},"end":{"line":91,"column":49}},"44":{"start":{"line":94,"column":4},"end":{"line":94,"column":18}},"45":{"start":{"line":95,"column":4},"end":{"line":95,"column":27}},"46":{"start":{"line":97,"column":4},"end":{"line":103,"column":6}},"47":{"start":{"line":98,"column":6},"end":{"line":98,"column":18}},"48":{"start":{"line":99,"column":6},"end":{"line":99,"column":21}},"49":{"start":{"line":100,"column":6},"end":{"line":100,"column":28}},"50":{"start":{"line":101,"column":6},"end":{"line":101,"column":26}},"51":{"start":{"line":102,"column":6},"end":{"line":102,"column":27}}},"fnMap":{"0":{"name":"(anonymous_0)","decl":{"start":{"line":16,"column":34},"end":{"line":16,"column":35}},"loc":{"start":{"line":23,"column":29},"end":{"line":105,"column":1}}},"1":{"name":"(anonymous_1)","decl":{"start":{"line":30,"column":12},"end":{"line":30,"column":15}},"loc":{"start":{"line":30,"column":17},"end":{"line":32,"column":3}}},"2":{"name":"(anonymous_2)","decl":{"start":{"line":34,"column":12},"end":{"line":34,"column":15}},"loc":{"start":{"line":34,"column":17},"end":{"line":36,"column":3}}},"3":{"name":"(anonymous_3)","decl":{"start":{"line":38,"column":12},"end":{"line":38,"column":15}},"loc":{"start":{"line":38,"column":17},"end":{"line":40,"column":3}}},"4":{"name":"(anonymous_4)","decl":{"start":{"line":42,"column":12},"end":{"line":42,"column":15}},"loc":{"start":{"line":42,"column":17},"end":{"line":44,"column":3}}},"5":{"name":"(anonymous_5)","decl":{"start":{"line":46,"column":12},"end":{"line":46,"column":15}},"loc":{"start":{"line":46,"column":17},"end":{"line":48,"column":3}}},"6":{"name":"(anonymous_6)","decl":{"start":{"line":50,"column":12},"end":{"line":50,"column":15}},"loc":{"start":{"line":50,"column":17},"end":{"line":104,"column":3}}},"7":{"name":"(anonymous_7)","decl":{"start":{"line":58,"column":31},"end":{"line":58,"column":32}},"loc":{"start":{"line":58,"column":40},"end":{"line":92,"column":5}}},"8":{"name":"(anonymous_8)","decl":{"start":{"line":63,"column":28},"end":{"line":63,"column":29}},"loc":{"start":{"line":63,"column":38},"end":{"line":88,"column":7}}},"9":{"name":"(anonymous_9)","decl":{"start":{"line":97,"column":11},"end":{"line":97,"column":14}},"loc":{"start":{"line":97,"column":16},"end":{"line":103,"column":5}}}},"branchMap":{"0":{"loc":{"start":{"line":51,"column":4},"end":{"line":56,"column":5}},"type":"if","locations":[{"start":{"line":51,"column":4},"end":{"line":56,"column":5}}]},"1":{"loc":{"start":{"line":64,"column":8},"end":{"line":66,"column":9}},"type":"if","locations":[{"start":{"line":64,"column":8},"end":{"line":66,"column":9}}]},"2":{"loc":{"start":{"line":69,"column":8},"end":{"line":71,"column":9}},"type":"if","locations":[{"start":{"line":69,"column":8},"end":{"line":71,"column":9}}]},"3":{"loc":{"start":{"line":73,"column":8},"end":{"line":75,"column":9}},"type":"if","locations":[{"start":{"line":73,"column":8},"end":{"line":75,"column":9}}]},"4":{"loc":{"start":{"line":73,"column":12},"end":{"line":73,"column":68}},"type":"binary-expr","locations":[{"start":{"line":73,"column":12},"end":{"line":73,"column":32}},{"start":{"line":73,"column":36},"end":{"line":73,"column":68}}]},"5":{"loc":{"start":{"line":78,"column":8},"end":{"line":80,"column":9}},"type":"if","locations":[{"start":{"line":78,"column":8},"end":{"line":80,"column":9}}]},"6":{"loc":{"start":{"line":82,"column":21},"end":{"line":82,"column":51}},"type":"binary-expr","locations":[{"start":{"line":82,"column":21},"end":{"line":82,"column":30}},{"start":{"line":82,"column":34},"end":{"line":82,"column":51}}]},"7":{"loc":{"start":{"line":83,"column":25},"end":{"line":83,"column":45}},"type":"binary-expr","locations":[{"start":{"line":83,"column":25},"end":{"line":83,"column":36}},{"start":{"line":83,"column":40},"end":{"line":83,"column":45}}]},"8":{"loc":{"start":{"line":85,"column":38},"end":{"line":85,"column":59}},"type":"binary-expr","locations":[{"start":{"line":85,"column":38},"end":{"line":85,"column":54}},{"start":{"line":85,"column":58},"end":{"line":85,"column":59}}]}},"s":{"0":0,"1":0,"2":0,"3":0,"4":0,"5":0,"6":0,"7":0,"8":0,"9":0,"10":0,"11":0,"12":0,"13":0,"14":0,"15":0,"16":0,"17":0,"18":0,"19":0,"20":0,"21":0,"22":0,"23":0,"24":0,"25":0,"26":0,"27":0,"28":0,"29":0,"30":0,"31":0,"32":0,"33":0,"34":0,"35":0,"36":0,"37":0,"38":0,"39":0,"40":0,"41":0,"42":0,"43":0,"44":0,"45":0,"46":0,"47":0,"48":0,"49":0,"50":0,"51":0},"f":{"0":0,"1":0,"2":0,"3":0,"4":0,"5":0,"6":0,"7":0,"8":0,"9":0},"b":{"0":[0],"1":[0],"2":[0],"3":[0],"4":[0,0],"5":[0],"6":[0,0],"7":[0,0],"8":[0,0]}}
,"/Users/johnmaher/development/seq/src/models/sequence.ts": {"path":"/Users/johnmaher/development/seq/src/models/sequence.ts","statementMap":{"0":{"start":{"line":42,"column":13},"end":{"line":42,"column":64}},"1":{"start":{"line":44,"column":17},"end":{"line":45,"column":56}},"2":{"start":{"line":45,"column":2},"end":{"line":45,"column":56}},"3":{"start":{"line":47,"column":26},"end":{"line":56,"column":2}},"4":{"start":{"line":47,"column":39},"end":{"line":56,"column":2}},"5":{"start":{"line":47,"column":13},"end":{"line":47,"column":26}},"6":{"start":{"line":58,"column":27},"end":{"line":59,"column":44}},"7":{"start":{"line":59,"column":2},"end":{"line":59,"column":44}},"8":{"start":{"line":59,"column":31},"end":{"line":59,"column":43}},"9":{"start":{"line":58,"column":13},"end":{"line":58,"column":27}},"10":{"start":{"line":61,"column":20},"end":{"line":73,"column":2}},"11":{"start":{"line":64,"column":13},"end":{"line":73,"column":2}},"12":{"start":{"line":75,"column":36},"end":{"line":91,"column":1}},"13":{"start":{"line":76,"column":39},"end":{"line":76,"column":41}},"14":{"start":{"line":78,"column":2},"end":{"line":90,"column":4}},"15":{"start":{"line":75,"column":13},"end":{"line":75,"column":36}},"16":{"start":{"line":93,"column":27},"end":{"line":103,"column":1}},"17":{"start":{"line":94,"column":2},"end":{"line":96,"column":3}},"18":{"start":{"line":95,"column":4},"end":{"line":95,"column":17}},"19":{"start":{"line":98,"column":2},"end":{"line":100,"column":3}},"20":{"start":{"line":99,"column":4},"end":{"line":99,"column":34}},"21":{"start":{"line":102,"column":2},"end":{"line":102,"column":59}},"22":{"start":{"line":93,"column":13},"end":{"line":93,"column":27}},"23":{"start":{"line":105,"column":32},"end":{"line":105,"column":77}},"24":{"start":{"line":105,"column":54},"end":{"line":105,"column":77}},"25":{"start":{"line":105,"column":13},"end":{"line":105,"column":32}},"26":{"start":{"line":107,"column":34},"end":{"line":118,"column":1}},"27":{"start":{"line":108,"column":2},"end":{"line":117,"column":3}},"28":{"start":{"line":109,"column":19},"end":{"line":109,"column":49}},"29":{"start":{"line":110,"column":4},"end":{"line":112,"column":5}},"30":{"start":{"line":111,"column":6},"end":{"line":111,"column":18}},"31":{"start":{"line":113,"column":4},"end":{"line":113,"column":18}},"32":{"start":{"line":115,"column":4},"end":{"line":115,"column":59}},"33":{"start":{"line":116,"column":4},"end":{"line":116,"column":16}},"34":{"start":{"line":107,"column":13},"end":{"line":107,"column":34}}},"fnMap":{"0":{"name":"(anonymous_0)","decl":{"start":{"line":44,"column":17},"end":{"line":44,"column":18}},"loc":{"start":{"line":45,"column":2},"end":{"line":45,"column":56}}},"1":{"name":"(anonymous_1)","decl":{"start":{"line":47,"column":26},"end":{"line":47,"column":35}},"loc":{"start":{"line":47,"column":39},"end":{"line":56,"column":2}}},"2":{"name":"(anonymous_2)","decl":{"start":{"line":58,"column":27},"end":{"line":58,"column":28}},"loc":{"start":{"line":59,"column":2},"end":{"line":59,"column":44}}},"3":{"name":"(anonymous_3)","decl":{"start":{"line":59,"column":25},"end":{"line":59,"column":28}},"loc":{"start":{"line":59,"column":31},"end":{"line":59,"column":43}}},"4":{"name":"(anonymous_4)","decl":{"start":{"line":61,"column":20},"end":{"line":61,"column":null}},"loc":{"start":{"line":64,"column":13},"end":{"line":73,"column":2}}},"5":{"name":"(anonymous_5)","decl":{"start":{"line":75,"column":36},"end":{"line":75,"column":48}},"loc":{"start":{"line":75,"column":50},"end":{"line":91,"column":1}}},"6":{"name":"(anonymous_6)","decl":{"start":{"line":93,"column":27},"end":{"line":93,"column":28}},"loc":{"start":{"line":93,"column":69},"end":{"line":103,"column":1}}},"7":{"name":"(anonymous_7)","decl":{"start":{"line":105,"column":32},"end":{"line":105,"column":33}},"loc":{"start":{"line":105,"column":54},"end":{"line":105,"column":77}}},"8":{"name":"(anonymous_8)","decl":{"start":{"line":107,"column":34},"end":{"line":107,"column":35}},"loc":{"start":{"line":107,"column":70},"end":{"line":118,"column":1}}}},"branchMap":{"0":{"loc":{"start":{"line":94,"column":2},"end":{"line":96,"column":3}},"type":"if","locations":[{"start":{"line":94,"column":2},"end":{"line":96,"column":3}}]},"1":{"loc":{"start":{"line":98,"column":2},"end":{"line":100,"column":3}},"type":"if","locations":[{"start":{"line":98,"column":2},"end":{"line":100,"column":3}}]},"2":{"loc":{"start":{"line":110,"column":4},"end":{"line":112,"column":5}},"type":"if","locations":[{"start":{"line":110,"column":4},"end":{"line":112,"column":5}}]},"3":{"loc":{"start":{"line":110,"column":8},"end":{"line":110,"column":58}},"type":"binary-expr","locations":[{"start":{"line":110,"column":8},"end":{"line":110,"column":15}},{"start":{"line":110,"column":19},"end":{"line":110,"column":33}},{"start":{"line":110,"column":37},"end":{"line":110,"column":58}}]}},"s":{"0":2,"1":2,"2":8,"3":2,"4":124,"5":2,"6":2,"7":7,"8":98,"9":2,"10":2,"11":6,"12":2,"13":2,"14":2,"15":2,"16":2,"17":1,"18":0,"19":1,"20":0,"21":1,"22":2,"23":2,"24":1,"25":2,"26":2,"27":1,"28":1,"29":1,"30":0,"31":1,"32":0,"33":0,"34":2},"f":{"0":8,"1":124,"2":7,"3":98,"4":6,"5":2,"6":1,"7":1,"8":1},"b":{"0":[0],"1":[0],"2":[0],"3":[1,1,1]}}
}
