TN:
SF:src/App.tsx
FN:8,(anonymous_6)
FN:16,(anonymous_7)
FN:20,(anonymous_8)
FN:26,(anonymous_9)
FN:37,(anonymous_10)
FN:40,(anonymous_11)
FN:43,(anonymous_12)
FN:56,(anonymous_13)
FN:57,(anonymous_14)
FN:58,(anonymous_15)
FN:68,(anonymous_16)
FNF:11
FNH:6
FNDA:12,(anonymous_6)
FNDA:6,(anonymous_7)
FNDA:2,(anonymous_8)
FNDA:3,(anonymous_9)
FNDA:0,(anonymous_10)
FNDA:0,(anonymous_11)
FNDA:0,(anonymous_12)
FNDA:11,(anonymous_13)
FNDA:0,(anonymous_14)
FNDA:0,(anonymous_15)
FNDA:11,(anonymous_16)
DA:1,1
DA:2,1
DA:3,1
DA:4,1
DA:5,1
DA:6,1
DA:8,1
DA:9,12
DA:10,11
DA:11,11
DA:12,11
DA:13,11
DA:14,11
DA:16,11
DA:17,6
DA:20,11
DA:21,2
DA:22,2
DA:23,2
DA:26,11
DA:27,3
DA:28,3
DA:29,1
DA:30,1
DA:32,2
DA:34,3
DA:37,11
DA:38,0
DA:39,0
DA:40,0
DA:41,0
DA:42,0
DA:43,0
DA:44,0
DA:45,0
DA:56,11
DA:57,11
DA:58,0
DA:59,0
DA:60,0
DA:64,11
DA:65,2
DA:68,11
DA:69,11
DA:73,11
DA:98,1
LF:46
LH:35
BRDA:28,0,0,1
BRDA:28,0,1,2
BRDA:39,1,0,0
BRDA:42,2,0,0
BRDA:44,3,0,0
BRDA:44,4,0,0
BRDA:44,4,1,0
BRDA:59,5,0,0
BRDA:64,6,0,2
BRF:9
BRH:3
end_of_record
TN:
SF:src/components/MidiDeviceSelector.tsx
FN:13,(anonymous_0)
FN:17,(anonymous_1)
FN:18,(anonymous_2)
FN:22,(anonymous_3)
FN:36,(anonymous_4)
FN:49,(anonymous_5)
FNF:6
FNH:5
FNDA:11,(anonymous_0)
FNDA:6,(anonymous_1)
FNDA:6,(anonymous_2)
FNDA:6,(anonymous_3)
FNDA:0,(anonymous_4)
FNDA:3,(anonymous_5)
DA:1,1
DA:13,1
DA:14,11
DA:15,11
DA:17,11
DA:18,6
DA:19,6
DA:20,6
DA:21,6
DA:22,6
DA:27,6
DA:29,0
DA:33,6
DA:36,11
DA:37,0
DA:38,0
DA:41,11
DA:50,3
LF:18
LH:15
BRDA:24,0,0,6
BRDA:24,0,1,0
BRDA:25,1,0,6
BRDA:25,1,1,6
BRF:4
BRH:3
end_of_record
TN:
SF:src/components/StepGrid.tsx
FN:10,(anonymous_1)
FN:13,(anonymous_2)
FN:20,(anonymous_3)
FNF:3
FNH:3
FNDA:11,(anonymous_1)
FNDA:176,(anonymous_2)
FNDA:2,(anonymous_3)
DA:2,1
DA:10,1
DA:11,11
DA:14,176
DA:20,2
LF:5
LH:5
BRDA:18,0,0,3
BRDA:18,0,1,173
BRDA:19,1,0,11
BRDA:19,1,1,165
BRF:4
BRH:4
end_of_record
TN:
SF:src/components/Synthesizer.tsx
FN:11,(anonymous_0)
FN:20,(anonymous_1)
FN:38,(anonymous_2)
FN:57,(anonymous_3)
FN:70,(anonymous_4)
FN:83,(anonymous_5)
FN:96,(anonymous_6)
FN:111,(anonymous_7)
FN:124,(anonymous_8)
FNF:9
FNH:2
FNDA:11,(anonymous_0)
FNDA:6,(anonymous_1)
FNDA:0,(anonymous_2)
FNDA:0,(anonymous_3)
FNDA:0,(anonymous_4)
FNDA:0,(anonymous_5)
FNDA:0,(anonymous_6)
FNDA:0,(anonymous_7)
FNDA:0,(anonymous_8)
DA:1,1
DA:11,1
DA:12,11
DA:13,11
DA:14,11
DA:15,11
DA:16,11
DA:17,11
DA:18,11
DA:20,11
DA:21,6
DA:29,11
DA:38,0
DA:57,0
DA:70,0
DA:83,0
DA:96,0
DA:111,0
DA:124,0
LF:19
LH:12
BRF:0
BRH:0
end_of_record
TN:
SF:src/components/TransportControls.tsx
FN:10,(anonymous_0)
FN:29,(anonymous_1)
FNF:2
FNH:1
FNDA:11,(anonymous_0)
FNDA:0,(anonymous_1)
DA:10,1
DA:16,11
DA:29,0
LF:3
LH:2
BRDA:19,0,0,2
BRDA:19,0,1,9
BRDA:22,1,0,2
BRDA:22,1,1,9
BRF:4
BRH:4
end_of_record
